[
  {
    "name": "test_case_01",
    "status": "FAIL",
    "details": "Exception: Audio must be 16kHz, got 48000\nTraceback (most recent call last):\n  File \"C:\\Users\\bruce\\Documents\\Coding\\phoneme-assistant-app\\tests\\run_tests.py\", line 57, in run_test_case\n    run_system_tests.run_system_test(case_path, run_system_tests.StoryPractice)\n  File \"C:\\Users\\bruce\\Documents\\Coding\\phoneme-assistant-app\\tests\\system\\run_system_tests.py\", line 48, in run_system_test\n    audio = load_audio(audio_path)\n            ^^^^^^^^^^^^^^^^^^^^^^\n  File \"C:\\Users\\bruce\\Documents\\Coding\\phoneme-assistant-app\\tests\\system\\run_system_tests.py\", line 34, in load_audio\n    raise ValueError(f\"Audio must be 16kHz, got {sr}\")\nValueError: Audio must be 16kHz, got 48000\n"
  },
  {
    "name": "test_case_02",
    "status": "FAIL",
    "details": "Exception: Error: cannot set number of interop threads after parallel work has started or set_num_interop_threads called\nTraceback (most recent call last):\n  File \"C:\\Users\\bruce\\Documents\\Coding\\phoneme-assistant-app\\tests\\run_tests.py\", line 57, in run_test_case\n    run_system_tests.run_system_test(case_path, run_system_tests.StoryPractice)\n  File \"C:\\Users\\bruce\\Documents\\Coding\\phoneme-assistant-app\\tests\\system\\run_system_tests.py\", line 76, in run_system_test\n    asyncio.run(run())\n  File \"C:\\Users\\bruce\\AppData\\Local\\Programs\\Python\\Python312\\Lib\\asyncio\\runners.py\", line 194, in run\n    return runner.run(main)\n           ^^^^^^^^^^^^^^^^\n  File \"C:\\Users\\bruce\\AppData\\Local\\Programs\\Python\\Python312\\Lib\\asyncio\\runners.py\", line 118, in run\n    return self._loop.run_until_complete(task)\n           ^^^^^^^^^^^^^^^^^^^^^^^^^^^^^^^^^^^\n  File \"C:\\Users\\bruce\\AppData\\Local\\Programs\\Python\\Python312\\Lib\\asyncio\\base_events.py\", line 687, in run_until_complete\n    return future.result()\n           ^^^^^^^^^^^^^^^\n  File \"C:\\Users\\bruce\\Documents\\Coding\\phoneme-assistant-app\\tests\\system\\run_system_tests.py\", line 50, in run\n    assistant = PhonemeAssistant()\n                ^^^^^^^^^^^^^^^^^^\n  File \"C:\\Users\\bruce\\Documents\\Coding\\phoneme-assistant-app\\backend\\core\\phoneme_assistant.py\", line 44, in __init__\n    torch.set_num_interop_threads(num_cores)\nRuntimeError: Error: cannot set number of interop threads after parallel work has started or set_num_interop_threads called\n"
  },
  {
    "name": "test_case_03",
    "status": "FAIL",
    "details": "Exception: 'NoneType' object has no attribute 'feedback_entries'\nTraceback (most recent call last):\n  File \"C:\\Users\\bruce\\Documents\\Coding\\phoneme-assistant-app\\tests\\run_tests.py\", line 57, in run_test_case\n    run_system_tests.run_system_test(case_path, run_system_tests.StoryPractice)\n  File \"C:\\Users\\bruce\\Documents\\Coding\\phoneme-assistant-app\\tests\\system\\run_system_tests.py\", line 76, in run_system_test\n    asyncio.run(run())\n  File \"C:\\Users\\bruce\\AppData\\Local\\Programs\\Python\\Python312\\Lib\\asyncio\\runners.py\", line 194, in run\n    return runner.run(main)\n           ^^^^^^^^^^^^^^^^\n  File \"C:\\Users\\bruce\\AppData\\Local\\Programs\\Python\\Python312\\Lib\\asyncio\\runners.py\", line 118, in run\n    return self._loop.run_until_complete(task)\n           ^^^^^^^^^^^^^^^^^^^^^^^^^^^^^^^^^^^\n  File \"C:\\Users\\bruce\\AppData\\Local\\Programs\\Python\\Python312\\Lib\\asyncio\\base_events.py\", line 687, in run_until_complete\n    return future.result()\n           ^^^^^^^^^^^^^^^\n  File \"C:\\Users\\bruce\\Documents\\Coding\\phoneme-assistant-app\\tests\\system\\run_system_tests.py\", line 61, in run\n    result = await mode.get_feedback_and_next_sentence(sentence, analysis, assistant, session=None)\n             ^^^^^^^^^^^^^^^^^^^^^^^^^^^^^^^^^^^^^^^^^^^^^^^^^^^^^^^^^^^^^^^^^^^^^^^^^^^^^^^^^^^^^^\n  File \"C:\\Users\\bruce\\Documents\\Coding\\phoneme-assistant-app\\backend\\core\\modes\\story.py\", line 111, in get_feedback_and_next_sentence\n    previous_utterances = session.feedback_entries\n                          ^^^^^^^^^^^^^^^^^^^^^^^^\nAttributeError: 'NoneType' object has no attribute 'feedback_entries'\n"
  }
]